[0m16:28:10.602946 [debug] [MainThread]: Sending event: {'category': 'dbt', 'action': 'invocation', 'label': 'start', 'context': [<snowplow_tracker.self_describing_json.SelfDescribingJson object at 0x000001A47A04EF90>, <snowplow_tracker.self_describing_json.SelfDescribingJson object at 0x000001A478FB1450>, <snowplow_tracker.self_describing_json.SelfDescribingJson object at 0x000001A47A056790>]}


============================== 16:28:10.604961 | f1388a0d-c7f0-452c-a551-9cea65fd36e4 ==============================
[0m16:28:10.604961 [info ] [MainThread]: Running with dbt=1.11.9
[0m16:28:10.604961 [debug] [MainThread]: running dbt with arguments {'version_check': 'True', 'no_print': 'None', 'static_parser': 'True', 'target_path': 'None', 'warn_error_options': 'WarnErrorOptionsV2(error=[], warn=[], silence=[])', 'printer_width': '80', 'write_json': 'True', 'introspect': 'True', 'log_cache_events': 'False', 'empty': 'False', 'cache_selected_only': 'False', 'log_format': 'default', 'debug': 'False', 'fail_fast': 'False', 'profiles_dir': 'C:\\Users\\nguye\\.dbt', 'send_anonymous_usage_stats': 'True', 'quiet': 'False', 'warn_error': 'None', 'partial_parse': 'True', 'indirect_selection': 'eager', 'use_colors': 'True', 'invocation_command': 'dbt run', 'use_experimental_parser': 'False', 'log_path': 'logs'}
[0m16:28:10.611906 [error] [MainThread]: Encountered an error:
Runtime Error
  No dbt_project.yml found at expected path E:\serious_github\restaurant-analytics\dbt_project.yml
  Verify that each entry within packages.yml (and their transitive dependencies) contains a file named dbt_project.yml
  
[0m16:28:10.611906 [debug] [MainThread]: Command `dbt run` failed at 16:28:10.611906 after 0.09 seconds
[0m16:28:10.613742 [debug] [MainThread]: Sending event: {'category': 'dbt', 'action': 'invocation', 'label': 'end', 'context': [<snowplow_tracker.self_describing_json.SelfDescribingJson object at 0x000001A4756F4110>, <snowplow_tracker.self_describing_json.SelfDescribingJson object at 0x000001A478FB9F50>, <snowplow_tracker.self_describing_json.SelfDescribingJson object at 0x000001A472166350>]}
[0m16:28:10.614234 [debug] [MainThread]: Flushing usage events
[0m16:28:11.548553 [debug] [MainThread]: An error was encountered while trying to flush usage events
[0m16:28:28.185047 [debug] [MainThread]: Sending event: {'category': 'dbt', 'action': 'invocation', 'label': 'start', 'context': [<snowplow_tracker.self_describing_json.SelfDescribingJson object at 0x0000027A6A0F21D0>, <snowplow_tracker.self_describing_json.SelfDescribingJson object at 0x0000027A6A0F1410>, <snowplow_tracker.self_describing_json.SelfDescribingJson object at 0x0000027A6B195990>]}


============================== 16:28:28.185047 | 3e585378-9462-4220-b5d1-f62b71e34844 ==============================
[0m16:28:28.185047 [info ] [MainThread]: Running with dbt=1.11.9
[0m16:28:28.185047 [debug] [MainThread]: running dbt with arguments {'version_check': 'True', 'no_print': 'None', 'static_parser': 'True', 'warn_error_options': 'WarnErrorOptionsV2(error=[], warn=[], silence=[])', 'target_path': 'None', 'printer_width': '80', 'write_json': 'True', 'introspect': 'True', 'log_cache_events': 'False', 'empty': 'None', 'cache_selected_only': 'False', 'log_format': 'default', 'debug': 'False', 'fail_fast': 'False', 'profiles_dir': 'C:\\Users\\nguye\\.dbt', 'send_anonymous_usage_stats': 'True', 'quiet': 'False', 'warn_error': 'None', 'partial_parse': 'True', 'invocation_command': 'dbt test', 'indirect_selection': 'eager', 'use_colors': 'True', 'use_experimental_parser': 'False', 'log_path': 'logs'}
[0m16:28:28.200739 [error] [MainThread]: Encountered an error:
Runtime Error
  No dbt_project.yml found at expected path E:\serious_github\restaurant-analytics\dbt_project.yml
  Verify that each entry within packages.yml (and their transitive dependencies) contains a file named dbt_project.yml
  
[0m16:28:28.201964 [debug] [MainThread]: Command `dbt test` failed at 16:28:28.201964 after 0.08 seconds
[0m16:28:28.202492 [debug] [MainThread]: Sending event: {'category': 'dbt', 'action': 'invocation', 'label': 'end', 'context': [<snowplow_tracker.self_describing_json.SelfDescribingJson object at 0x0000027A69DA3350>, <snowplow_tracker.self_describing_json.SelfDescribingJson object at 0x0000027A63316010>, <snowplow_tracker.self_describing_json.SelfDescribingJson object at 0x0000027A6A0F3910>]}
[0m16:28:28.202492 [debug] [MainThread]: Flushing usage events
[0m16:28:29.088110 [debug] [MainThread]: An error was encountered while trying to flush usage events
